Release 7.1.04i - xst H.42
Copyright (c) 1995-2005 Xilinx, Inc.  All rights reserved.
--> Parameter TMPDIR set to __projnav
CPU : 0.00 / 2.92 s | Elapsed : 0.00 / 2.00 s
 
--> Parameter xsthdpdir set to ./xst
CPU : 0.00 / 2.92 s | Elapsed : 0.00 / 2.00 s
 
--> Reading design: PWD_FinishLine_TB.prj

TABLE OF CONTENTS
  1) Synthesis Options Summary
  2) HDL Compilation
  3) HDL Analysis
  4) HDL Synthesis
  5) Advanced HDL Synthesis
     5.1) HDL Synthesis Report
  6) Low Level Synthesis
  7) Final Report
     7.1) Device utilization summary
     7.2) TIMING REPORT


=========================================================================
*                      Synthesis Options Summary                        *
=========================================================================
---- Source Parameters
Input File Name                    : "PWD_FinishLine_TB.prj"
Input Format                       : mixed
Ignore Synthesis Constraint File   : NO

---- Target Parameters
Output File Name                   : "PWD_FinishLine_TB"
Output Format                      : NGC
Target Device                      : xc3s200-4-ft256

---- Source Options
Top Module Name                    : PWD_FinishLine_TB
Automatic FSM Extraction           : YES
FSM Encoding Algorithm             : Auto
FSM Style                          : lut
RAM Extraction                     : Yes
RAM Style                          : Auto
ROM Extraction                     : Yes
ROM Style                          : Auto
Mux Extraction                     : YES
Mux Style                          : Auto
Decoder Extraction                 : YES
Priority Encoder Extraction        : YES
Shift Register Extraction          : YES
Logical Shifter Extraction         : YES
XOR Collapsing                     : YES
Resource Sharing                   : YES
Multiplier Style                   : auto
Automatic Register Balancing       : No

---- Target Options
Add IO Buffers                     : YES
Global Maximum Fanout              : 500
Add Generic Clock Buffer(BUFG)     : 8
Register Duplication               : YES
Equivalent register Removal        : YES
Slice Packing                      : YES
Pack IO Registers into IOBs        : auto

---- General Options
Optimization Goal                  : Speed
Optimization Effort                : 1
Keep Hierarchy                     : NO
Global Optimization                : AllClockNets
RTL Output                         : Yes
Write Timing Constraints           : NO
Hierarchy Separator                : /
Bus Delimiter                      : <>
Case Specifier                     : maintain
Slice Utilization Ratio            : 100
Slice Utilization Ratio Delta      : 5

---- Other Options
lso                                : PWD_FinishLine_TB.lso
Read Cores                         : YES
cross_clock_analysis               : NO
verilog2001                        : YES
safe_implementation                : No
Optimize Instantiated Primitives   : NO
use_clock_enable                   : Yes
use_sync_set                       : Yes
use_sync_reset                     : Yes
enable_auto_floorplanning          : No

=========================================================================


=========================================================================
*                          HDL Compilation                              *
=========================================================================
Compiling verilog file "../../../../Desktop/Verilog RaceCar files/PWD_FinishLine_ControllerDatapath.v"
Module <PWD_FinishLine> compiled
Module <PWD_FinishLine_TB> compiled
No errors in compilation
Analysis of file <"PWD_FinishLine_TB.prj"> succeeded.
 

=========================================================================
*                            HDL Analysis                               *
=========================================================================
Analyzing top module <PWD_FinishLine_TB>.
ERROR:Xst:1884 - "../../../../Desktop/Verilog RaceCar files/PWD_FinishLine_ControllerDatapath.v" line 141: Module <PWD_FinishLine_TB> has no port.
WARNING:Xst:854 - "../../../../Desktop/Verilog RaceCar files/PWD_FinishLine_ControllerDatapath.v" line 192: Ignored initial statement.
WARNING:Xst:854 - "../../../../Desktop/Verilog RaceCar files/PWD_FinishLine_ControllerDatapath.v" line 193: Ignored initial statement.
WARNING:Xst:854 - "../../../../Desktop/Verilog RaceCar files/PWD_FinishLine_ControllerDatapath.v" line 203: Ignored initial statement.
 
Found 1 error(s). Aborting synthesis.
--> 

Total memory usage is 75336 kilobytes

Number of errors   :    1 (   0 filtered)
Number of warnings :    3 (   0 filtered)
Number of infos    :    0 (   0 filtered)

