Release 7.1.04i - xst H.42
Copyright (c) 1995-2005 Xilinx, Inc.  All rights reserved.
--> Parameter TMPDIR set to __projnav
CPU : 0.00 / 1.63 s | Elapsed : 0.00 / 1.00 s
 
--> Parameter xsthdpdir set to ./xst
CPU : 0.00 / 1.63 s | Elapsed : 0.00 / 1.00 s
 
--> Reading design: TrafficSignalController_FSM.prj

TABLE OF CONTENTS
  1) Synthesis Options Summary
  2) HDL Compilation
  3) HDL Analysis
  4) HDL Synthesis
  5) Advanced HDL Synthesis
     5.1) HDL Synthesis Report
  6) Low Level Synthesis
  7) Final Report
     7.1) Device utilization summary
     7.2) TIMING REPORT


=========================================================================
*                      Synthesis Options Summary                        *
=========================================================================
---- Source Parameters
Input File Name                    : "TrafficSignalController_FSM.prj"
Input Format                       : mixed
Ignore Synthesis Constraint File   : NO

---- Target Parameters
Output File Name                   : "TrafficSignalController_FSM"
Output Format                      : NGC
Target Device                      : xc3s200-4-ft256

---- Source Options
Top Module Name                    : TrafficSignalController_FSM
Automatic FSM Extraction           : YES
FSM Encoding Algorithm             : Auto
FSM Style                          : lut
RAM Extraction                     : Yes
RAM Style                          : Auto
ROM Extraction                     : Yes
ROM Style                          : Auto
Mux Extraction                     : YES
Mux Style                          : Auto
Decoder Extraction                 : YES
Priority Encoder Extraction        : YES
Shift Register Extraction          : YES
Logical Shifter Extraction         : YES
XOR Collapsing                     : YES
Resource Sharing                   : YES
Multiplier Style                   : auto
Automatic Register Balancing       : No

---- Target Options
Add IO Buffers                     : YES
Global Maximum Fanout              : 500
Add Generic Clock Buffer(BUFG)     : 8
Register Duplication               : YES
Equivalent register Removal        : YES
Slice Packing                      : YES
Pack IO Registers into IOBs        : auto

---- General Options
Optimization Goal                  : Speed
Optimization Effort                : 1
Keep Hierarchy                     : NO
Global Optimization                : AllClockNets
RTL Output                         : Yes
Write Timing Constraints           : NO
Hierarchy Separator                : /
Bus Delimiter                      : <>
Case Specifier                     : maintain
Slice Utilization Ratio            : 100
Slice Utilization Ratio Delta      : 5

---- Other Options
lso                                : TrafficSignalController_FSM.lso
Read Cores                         : YES
cross_clock_analysis               : NO
verilog2001                        : YES
safe_implementation                : No
Optimize Instantiated Primitives   : NO
use_clock_enable                   : Yes
use_sync_set                       : Yes
use_sync_reset                     : Yes
enable_auto_floorplanning          : No

=========================================================================


=========================================================================
*                          HDL Compilation                              *
=========================================================================
Compiling verilog file "Op2_NSD.v"
ERROR:HDLCompilers:26 - "Op2_NSD.v" line 18 unexpected token: '0'
ERROR:HDLCompilers:26 - "Op2_NSD.v" line 19 expecting '=', found '=='
Compiling verilog file "Reg_w4_iv0.v"
ERROR:HDLCompilers:26 - "Reg_w4_iv0.v" line 6 unexpected token: 'input'
ERROR:HDLCompilers:26 - "Reg_w4_iv0.v" line 6 expecting '=', found ','
ERROR:HDLCompilers:26 - "Reg_w4_iv0.v" line 8 unexpected token: 'input'
ERROR:HDLCompilers:26 - "Reg_w4_iv0.v" line 8 expecting '=', found ','
ERROR:HDLCompilers:28 - "Reg_w4_iv0.v" line 11 'clk' has not been declared
ERROR:HDLCompilers:28 - "Reg_w4_iv0.v" line 11 'res' has not been declared
ERROR:HDLCompilers:28 - "Reg_w4_iv0.v" line 12 'res' has not been declared
ERROR:HDLCompilers:28 - "Reg_w4_iv0.v" line 15 'ce' has not been declared
ERROR:HDLCompilers:28 - "Reg_w4_iv0.v" line 16 'i' has not been declared
Compiling verilog file "Op3_OD.v"
Module <Op2_NSD> compiled
Module <Op3_OD> compiled
Compiling verilog file "Op1_a.v"
Module <Op1_a> compiled
Compiling verilog file "TrafficSignalController_FSM.vf"
Module <TrafficSignalController_FSM> compiled
Analysis of file <"TrafficSignalController_FSM.prj"> failed.
--> 

Total memory usage is 75336 kilobytes

Number of errors   :   11 (   0 filtered)
Number of warnings :    0 (   0 filtered)
Number of infos    :    0 (   0 filtered)

