Release 7.1.04i - xst H.42
Copyright (c) 1995-2005 Xilinx, Inc.  All rights reserved.
--> Parameter TMPDIR set to __projnav
CPU : 0.00 / 0.28 s | Elapsed : 0.00 / 1.00 s
 
--> Parameter xsthdpdir set to ./xst
CPU : 0.00 / 0.28 s | Elapsed : 0.00 / 1.00 s
 
--> Reading design: MyPattern.prj

TABLE OF CONTENTS
  1) Synthesis Options Summary
  2) HDL Compilation
  3) HDL Analysis
  4) HDL Synthesis
  5) Advanced HDL Synthesis
     5.1) HDL Synthesis Report
  6) Low Level Synthesis
  7) Final Report
     7.1) Device utilization summary
     7.2) TIMING REPORT


=========================================================================
*                      Synthesis Options Summary                        *
=========================================================================
---- Source Parameters
Input File Name                    : "MyPattern.prj"
Input Format                       : mixed
Ignore Synthesis Constraint File   : NO

---- Target Parameters
Output File Name                   : "MyPattern"
Output Format                      : NGC
Target Device                      : xc3s200-4-ft256

---- Source Options
Top Module Name                    : MyPattern
Automatic FSM Extraction           : YES
FSM Encoding Algorithm             : Auto
FSM Style                          : lut
RAM Extraction                     : Yes
RAM Style                          : Auto
ROM Extraction                     : Yes
ROM Style                          : Auto
Mux Extraction                     : YES
Mux Style                          : Auto
Decoder Extraction                 : YES
Priority Encoder Extraction        : YES
Shift Register Extraction          : YES
Logical Shifter Extraction         : YES
XOR Collapsing                     : YES
Resource Sharing                   : YES
Multiplier Style                   : auto
Automatic Register Balancing       : No

---- Target Options
Add IO Buffers                     : YES
Global Maximum Fanout              : 500
Add Generic Clock Buffer(BUFG)     : 8
Register Duplication               : YES
Equivalent register Removal        : YES
Slice Packing                      : YES
Pack IO Registers into IOBs        : auto

---- General Options
Optimization Goal                  : Speed
Optimization Effort                : 1
Keep Hierarchy                     : NO
Global Optimization                : AllClockNets
RTL Output                         : Yes
Write Timing Constraints           : NO
Hierarchy Separator                : /
Bus Delimiter                      : <>
Case Specifier                     : maintain
Slice Utilization Ratio            : 100
Slice Utilization Ratio Delta      : 5

---- Other Options
lso                                : MyPattern.lso
Read Cores                         : YES
cross_clock_analysis               : NO
verilog2001                        : YES
safe_implementation                : No
Optimize Instantiated Primitives   : NO
use_clock_enable                   : Yes
use_sync_set                       : Yes
use_sync_reset                     : Yes
enable_auto_floorplanning          : No

=========================================================================


=========================================================================
*                          HDL Compilation                              *
=========================================================================
Compiling verilog file "../130.v"
Module <JKFF> compiled
Module <TFF> compiled
Module <DLatch> compiled
Module <DFF> compiled
Module <Adder> compiled
Module <Comparator> compiled
Module <Counter> compiled
Module <CounterUpDown> compiled
Module <Decode2to4> compiled
Module <Decode3to8> compiled
Module <Encode4to2> compiled
Module <Encode8to3> compiled
Module <Synchronizer> compiled
Module <FrequencyDivider> compiled
Module <MUX2> compiled
Module <MUX4> compiled
Module <MUX8> compiled
Module <MUX16> compiled
Module <Register> compiled
Module <Register4> compiled
Module <TransitionDetector> compiled
Module <Display> compiled
Module <DisplayHex> compiled
Module <Debouncer> compiled
Module <OneShot> compiled
Module <ClockEnabler> compiled
Compiling verilog file "MyPattern.v"
Module <MyPattern> compiled
No errors in compilation
Analysis of file <"MyPattern.prj"> succeeded.
 

=========================================================================
*                            HDL Analysis                               *
=========================================================================
Analyzing top module <MyPattern>.
Module <MyPattern> is correct for synthesis.
 
Analyzing module <Decode3to8>.
Module <Decode3to8> is correct for synthesis.
 
Analyzing module <MUX2>.
	pWidth = 16
Module <MUX2> is correct for synthesis.
 

=========================================================================
*                           HDL Synthesis                               *
=========================================================================

Synthesizing Unit <MUX2>.
    Related source file is "../130.v".
Unit <MUX2> synthesized.


Synthesizing Unit <Decode3to8>.
    Related source file is "../130.v".
Unit <Decode3to8> synthesized.


Synthesizing Unit <MyPattern>.
    Related source file is "MyPattern.v".
WARNING:Xst:647 - Input <iStatus<7:5>> is never used.
WARNING:Xst:647 - Input <iNote> is never used.
Unit <MyPattern> synthesized.


=========================================================================
*                       Advanced HDL Synthesis                          *
=========================================================================

Advanced RAM inference ...
Advanced multiplier inference ...
Advanced Registered AddSub inference ...
Dynamic shift register inference ...

=========================================================================
HDL Synthesis Report

Found no macro
=========================================================================

=========================================================================
*                         Low Level Synthesis                           *
=========================================================================

Optimizing unit <MyPattern> ...

Optimizing unit <Decode3to8> ...

Optimizing unit <MUX2> ...
Loading device for application Rf_Device from file '3s200.nph' in environment C:/Xilinx.

Mapping all equations...
Building and optimizing final netlist ...
Found area constraint ratio of 100 (+ 5) on block MyPattern, actual ratio is 1.

=========================================================================
*                            Final Report                               *
=========================================================================
Final Results
RTL Top Level Output File Name     : MyPattern.ngr
Top Level Output File Name         : MyPattern
Output Format                      : NGC
Optimization Goal                  : Speed
Keep Hierarchy                     : NO

Design Statistics
# IOs                              : 43

Cell Usage :
# BELS                             : 35
#      GND                         : 1
#      LUT2                        : 4
#      LUT3                        : 8
#      LUT4                        : 20
#      MUXF5                       : 2
# IO Buffers                       : 32
#      IBUF                        : 14
#      OBUF                        : 18
=========================================================================

Device utilization summary:
---------------------------

Selected Device : 3s200ft256-4 

 Number of Slices:                      18  out of   1920     0%  
 Number of 4 input LUTs:                32  out of   3840     0%  
 Number of bonded IOBs:                 43  out of    173    24%  


=========================================================================
TIMING REPORT

NOTE: THESE TIMING NUMBERS ARE ONLY A SYNTHESIS ESTIMATE.
      FOR ACCURATE TIMING INFORMATION PLEASE REFER TO THE TRACE REPORT
      GENERATED AFTER PLACE-and-ROUTE.

Clock Information:
------------------
No clock signals found in this design

Timing Summary:
---------------
Speed Grade: -4

   Minimum period: No path found
   Minimum input arrival time before clock: No path found
   Maximum output required time after clock: No path found
   Maximum combinational path delay: 11.789ns

Timing Detail:
--------------
All values displayed in nanoseconds (ns)

=========================================================================
Timing constraint: Default path analysis
  Total number of paths / destination ports: 102 / 18
-------------------------------------------------------------------------
Delay:               11.789ns (Levels of Logic = 5)
  Source:            iVelocity<4> (PAD)
  Destination:       oLightON (PAD)

  Data Path: iVelocity<4> to oLightON
                                Gate     Net
    Cell:in->out      fanout   Delay   Delay  Logical Name (Net Name)
    ----------------------------------------  ------------
     IBUF:I->O             1   0.821   1.140  iVelocity_4_IBUF (iVelocity_4_IBUF)
     LUT3:I0->O            1   0.551   0.827  oLightOFF2_SW0 (N38)
     LUT4:I3->O            2   0.551   0.903  oLightOFF2 (N01)
     LUT4:I3->O            1   0.551   0.801  oLightOFF11 (oLightOFF_OBUF)
     OBUF:I->O                 5.644          oLightOFF_OBUF (oLightOFF)
    ----------------------------------------
    Total                     11.789ns (8.118ns logic, 3.671ns route)
                                       (68.9% logic, 31.1% route)

=========================================================================
CPU : 5.63 / 5.92 s | Elapsed : 5.00 / 6.00 s
 
--> 

Total memory usage is 97080 kilobytes

Number of errors   :    0 (   0 filtered)
Number of warnings :    2 (   0 filtered)
Number of infos    :    0 (   0 filtered)

