Release 7.1.04i Map H.42
Xilinx Mapping Report File for Design 'StageLights_TOP'

Design Information
------------------
Command Line   : C:/Xilinx/bin/nt/map.exe -ise c:\documents and
settings\pickdp\my documents\courses\ece
130\midi_project\stagelights\StageLights.ise -intstyle ise -p xc3s200-ft256-4
-cm area -pr b -k 4 -c 100 -o StageLights_TOP_map.ncd StageLights_TOP.ngd
StageLights_TOP.pcf 
Target Device  : xc3s200
Target Package : ft256
Target Speed   : -4
Mapper Version : spartan3 -- $Revision: 1.26.6.4 $
Mapped Date    : Sun Jan 13 16:04:37 2008

Design Summary
--------------
Number of errors:      0
Number of warnings:    0
Logic Utilization:
  Number of Slice Flip Flops:         502 out of   3,840   13%
  Number of 4 input LUTs:             957 out of   3,840   24%
Logic Distribution:
  Number of occupied Slices:                          557 out of   1,920   29%
    Number of Slices containing only related logic:     557 out of     557  100%
    Number of Slices containing unrelated logic:          0 out of     557    0%
      *See NOTES below for an explanation of the effects of unrelated logic
Total Number 4 input LUTs:          1,008 out of   3,840   26%
  Number used as logic:                957
  Number used as a route-thru:          24
  Number used as Shift registers:       27
  Number of bonded IOBs:               41 out of     173   23%
    IOB Flip Flops:                     1
  Number of GCLKs:                     1 out of       8   12%

Total equivalent gate count for design:  13,645
Additional JTAG gate count for IOBs:  1,968
Peak Memory Usage:  113 MB

NOTES:

   Related logic is defined as being logic that shares connectivity - e.g. two
   LUTs are "related" if they share common inputs.  When assembling slices,
   Map gives priority to combine logic that is related.  Doing so results in
   the best timing performance.

   Unrelated logic shares no connectivity.  Map will only begin packing
   unrelated logic into a slice once 99% of the slices are occupied through
   related logic packing.

   Note that once logic distribution reaches the 99% level through related
   logic packing, this does not mean the device is completely utilized.
   Unrelated logic packing will then begin, continuing until all usable LUTs
   and FFs are occupied.  Depending on your timing budget, increased levels of
   unrelated logic packing may adversely affect the overall timing performance
   of your design.

Table of Contents
-----------------
Section 1 - Errors
Section 2 - Warnings
Section 3 - Informational
Section 4 - Removed Logic Summary
Section 5 - Removed Logic
Section 6 - IOB Properties
Section 7 - RPMs
Section 8 - Guide Report
Section 9 - Area Group Summary
Section 10 - Modular Design Summary
Section 11 - Timing Report
Section 12 - Configuration String Information
Section 13 - Additional Device Resource Counts

Section 1 - Errors
------------------

Section 2 - Warnings
--------------------

Section 3 - Informational
-------------------------
INFO:MapLib:562 - No environment variables are currently set.
INFO:MapLib:535 - The following Virtex BUFG(s) is/are being retargetted to
   Virtex2 BUFGMUX(s) with input tied to I0 and Select pin tied to constant 0:
   BUFGP symbol "gClock_BUFGP" (output signal=gClock_BUFGP)
INFO:LIT:244 - All of the single ended outputs in this design are using slew
   rate limited output drivers. The delay on speed critical single ended outputs
   can be dramatically reduced by designating them as fast outputs in the
   schematic.

Section 4 - Removed Logic Summary
---------------------------------
   2 block(s) optimized away

Section 5 - Removed Logic
-------------------------

Optimized Block(s):
TYPE 		BLOCK
GND 		XST_GND
VCC 		XST_VCC

To enable printing of redundant blocks removed and signals merged, set the
detailed map report option and rerun map.

Section 6 - IOB Properties
--------------------------

+------------------------------------------------------------------------------------------------------------------------+
| IOB Name                           | Type    | Direction | IO Standard | Drive    | Slew | Reg (s)  | Resistor | IOB   |
|                                    |         |           |             | Strength | Rate |          |          | Delay |
+------------------------------------------------------------------------------------------------------------------------+
| gClock                             | IOB     | INPUT     | LVCMOS25    |          |      |          |          |       |
| gReset                             | IOB     | INPUT     | LVCMOS25    |          |      |          |          |       |
| iMIDI                              | IOB     | INPUT     | LVCMOS25    |          |      | INFF1    |          | IFD   |
| iScheme                            | IOB     | INPUT     | LVCMOS25    |          |      |          |          |       |
| iShowMIDI                          | IOB     | INPUT     | LVCMOS25    |          |      |          |          |       |
| oDigit<0>                          | IOB     | OUTPUT    | LVCMOS25    | 12       | SLOW |          |          |       |
| oDigit<1>                          | IOB     | OUTPUT    | LVCMOS25    | 12       | SLOW |          |          |       |
| oDigit<2>                          | IOB     | OUTPUT    | LVCMOS25    | 12       | SLOW |          |          |       |
| oDigit<3>                          | IOB     | OUTPUT    | LVCMOS25    | 12       | SLOW |          |          |       |
| oLED<0>                            | IOB     | OUTPUT    | LVCMOS25    | 12       | SLOW |          |          |       |
| oLED<1>                            | IOB     | OUTPUT    | LVCMOS25    | 12       | SLOW |          |          |       |
| oLED<2>                            | IOB     | OUTPUT    | LVCMOS25    | 12       | SLOW |          |          |       |
| oLED<3>                            | IOB     | OUTPUT    | LVCMOS25    | 12       | SLOW |          |          |       |
| oLED<4>                            | IOB     | OUTPUT    | LVCMOS25    | 12       | SLOW |          |          |       |
| oLED<5>                            | IOB     | OUTPUT    | LVCMOS25    | 12       | SLOW |          |          |       |
| oLED<6>                            | IOB     | OUTPUT    | LVCMOS25    | 12       | SLOW |          |          |       |
| oLED<7>                            | IOB     | OUTPUT    | LVCMOS25    | 12       | SLOW |          |          |       |
| oLight<0>                          | IOB     | OUTPUT    | LVCMOS25    | 12       | SLOW |          |          |       |
| oLight<1>                          | IOB     | OUTPUT    | LVCMOS25    | 12       | SLOW |          |          |       |
| oLight<2>                          | IOB     | OUTPUT    | LVCMOS25    | 12       | SLOW |          |          |       |
| oLight<3>                          | IOB     | OUTPUT    | LVCMOS25    | 12       | SLOW |          |          |       |
| oLight<4>                          | IOB     | OUTPUT    | LVCMOS25    | 12       | SLOW |          |          |       |
| oLight<5>                          | IOB     | OUTPUT    | LVCMOS25    | 12       | SLOW |          |          |       |
| oLight<6>                          | IOB     | OUTPUT    | LVCMOS25    | 12       | SLOW |          |          |       |
| oLight<7>                          | IOB     | OUTPUT    | LVCMOS25    | 12       | SLOW |          |          |       |
| oLight<8>                          | IOB     | OUTPUT    | LVCMOS25    | 12       | SLOW |          |          |       |
| oLight<9>                          | IOB     | OUTPUT    | LVCMOS25    | 12       | SLOW |          |          |       |
| oLight<10>                         | IOB     | OUTPUT    | LVCMOS25    | 12       | SLOW |          |          |       |
| oLight<11>                         | IOB     | OUTPUT    | LVCMOS25    | 12       | SLOW |          |          |       |
| oLight<12>                         | IOB     | OUTPUT    | LVCMOS25    | 12       | SLOW |          |          |       |
| oLight<13>                         | IOB     | OUTPUT    | LVCMOS25    | 12       | SLOW |          |          |       |
| oLight<14>                         | IOB     | OUTPUT    | LVCMOS25    | 12       | SLOW |          |          |       |
| oLight<15>                         | IOB     | OUTPUT    | LVCMOS25    | 12       | SLOW |          |          |       |
| oSegment<0>                        | IOB     | OUTPUT    | LVCMOS25    | 12       | SLOW |          |          |       |
| oSegment<1>                        | IOB     | OUTPUT    | LVCMOS25    | 12       | SLOW |          |          |       |
| oSegment<2>                        | IOB     | OUTPUT    | LVCMOS25    | 12       | SLOW |          |          |       |
| oSegment<3>                        | IOB     | OUTPUT    | LVCMOS25    | 12       | SLOW |          |          |       |
| oSegment<4>                        | IOB     | OUTPUT    | LVCMOS25    | 12       | SLOW |          |          |       |
| oSegment<5>                        | IOB     | OUTPUT    | LVCMOS25    | 12       | SLOW |          |          |       |
| oSegment<6>                        | IOB     | OUTPUT    | LVCMOS25    | 12       | SLOW |          |          |       |
| oSegment<7>                        | IOB     | OUTPUT    | LVCMOS25    | 12       | SLOW |          |          |       |
+------------------------------------------------------------------------------------------------------------------------+

Section 7 - RPMs
----------------

Section 8 - Guide Report
------------------------
Guide not run on this design.

Section 9 - Area Group Summary
------------------------------
No area groups were found in this design.

Section 10 - Modular Design Summary
-----------------------------------
Modular Design not used for this design.

Section 11 - Timing Report
--------------------------
This design was not run using timing mode.

Section 12 - Configuration String Details
--------------------------
Use the "-detail" map option to print out Configuration Strings

Section 13 - Additional Device Resource Counts
----------------------------------------------
Number of JTAG Gates for IOBs = 41
Number of Equivalent Gates for Design = 13,645
Number of RPM Macros = 0
Number of Hard Macros = 0
DCIRESETs = 0
CAPTUREs = 0
BSCANs = 0
STARTUPs = 0
DCMs = 0
GCLKs = 1
ICAPs = 0
18X18 Multipliers = 0
Block RAMs = 0
Total Registers (Flops & Latches in Slices & IOBs) not driven by LUTs = 85
IOB Dual-Rate Flops not driven by LUTs = 0
IOB Dual-Rate Flops = 0
IOB Slave Pads = 0
IOB Master Pads = 0
IOB Latches not driven by LUTs = 0
IOB Latches = 0
IOB Flip Flops not driven by LUTs = 1
IOB Flip Flops = 1
Unbonded IOBs = 0
Bonded IOBs = 41
XORs = 362
CARRY_INITs = 192
CARRY_SKIPs = 0
CARRY_MUXes = 345
Shift Registers = 27
Static Shift Registers = 19
Dynamic Shift Registers = 8
16x1 ROMs = 0
16x1 RAMs = 0
32x1 RAMs = 0
Dual Port RAMs = 0
MUXFs = 9
MULT_ANDs = 0
4 input LUTs used as Route-Thrus = 24
4 input LUTs = 957
Slice Latches not driven by LUTs = 0
Slice Latches = 0
Slice Flip Flops not driven by LUTs = 84
Slice Flip Flops = 502
SliceMs = 15
SliceLs = 542
Slices = 557
F6 Muxes = 0
F5 Muxes = 9
F8 Muxes = 0
F7 Muxes = 0
Number of LUT signals with 4 loads = 8
Number of LUT signals with 3 loads = 4
Number of LUT signals with 2 loads = 345
Number of LUT signals with 1 load = 582
NGM Average fanout of LUT = 1.60
NGM Maximum fanout of LUT = 24
NGM Average fanin for LUT = 2.2456
Number of LUT symbols = 957
