--------------------------------------------------------------------------------
Release 7.1.04i Trace H.42
Copyright (c) 1995-2005 Xilinx, Inc.  All rights reserved.

C:/Xilinx/bin/nt/trce.exe -ise
c:\documents and settings\pickdp\my documents\courses\ece 130\midi_project\stagelights\StageLights.ise
-intstyle ise -e 3 -l 3 -s 4 -xml StageLights_TOP StageLights_TOP.ncd -o
StageLights_TOP.twr StageLights_TOP.pcf


Design file:              stagelights_top.ncd
Physical constraint file: stagelights_top.pcf
Device,speed:             xc3s200,-4 (PRODUCTION 1.37 2005-07-22)
Report level:             error report

Environment Variable      Effect 
--------------------      ------ 
NONE                      No environment variables were set
--------------------------------------------------------------------------------

INFO:Timing:2698 - No timing constraints found, doing default enumeration.
INFO:Timing:2752 - To get complete path coverage, use the unconstrained paths
   option. All paths that are not constrained will be reported in the
   unconstrained paths section(s) of the report.


Data Sheet report:
-----------------
All values displayed in nanoseconds (ns)

Setup/Hold to clock gClock
------------+------------+------------+------------------+--------+
            |  Setup to  |  Hold to   |                  |  Clock |
Source      | clk (edge) | clk (edge) |Internal Clock(s) |  Phase |
------------+------------+------------+------------------+--------+
iMIDI       |    3.019(R)|   -0.463(R)|gClock_BUFGP      |   0.000|
iScheme     |    4.802(R)|   -0.534(R)|gClock_BUFGP      |   0.000|
------------+------------+------------+------------------+--------+

Clock gClock to Pad
------------+------------+------------------+--------+
            | clk (edge) |                  |  Clock |
Destination | to PAD     |Internal Clock(s) |  Phase |
------------+------------+------------------+--------+
oDigit<0>   |   11.879(R)|gClock_BUFGP      |   0.000|
oDigit<1>   |   11.026(R)|gClock_BUFGP      |   0.000|
oDigit<2>   |   10.752(R)|gClock_BUFGP      |   0.000|
oDigit<3>   |   11.365(R)|gClock_BUFGP      |   0.000|
oLED<0>     |   11.012(R)|gClock_BUFGP      |   0.000|
oLED<1>     |   12.239(R)|gClock_BUFGP      |   0.000|
oLED<2>     |   11.299(R)|gClock_BUFGP      |   0.000|
oLED<3>     |   11.578(R)|gClock_BUFGP      |   0.000|
oLED<4>     |   11.563(R)|gClock_BUFGP      |   0.000|
oLED<5>     |   10.548(R)|gClock_BUFGP      |   0.000|
oLED<6>     |   10.736(R)|gClock_BUFGP      |   0.000|
oLED<7>     |   10.342(R)|gClock_BUFGP      |   0.000|
oLight<0>   |   12.059(R)|gClock_BUFGP      |   0.000|
oLight<10>  |   12.258(R)|gClock_BUFGP      |   0.000|
oLight<11>  |   11.469(R)|gClock_BUFGP      |   0.000|
oLight<12>  |   11.947(R)|gClock_BUFGP      |   0.000|
oLight<13>  |   11.810(R)|gClock_BUFGP      |   0.000|
oLight<14>  |   12.472(R)|gClock_BUFGP      |   0.000|
oLight<15>  |   11.297(R)|gClock_BUFGP      |   0.000|
oLight<1>   |   12.433(R)|gClock_BUFGP      |   0.000|
oLight<2>   |   12.343(R)|gClock_BUFGP      |   0.000|
oLight<3>   |   11.248(R)|gClock_BUFGP      |   0.000|
oLight<4>   |   11.286(R)|gClock_BUFGP      |   0.000|
oLight<5>   |   11.525(R)|gClock_BUFGP      |   0.000|
oLight<6>   |   11.455(R)|gClock_BUFGP      |   0.000|
oLight<7>   |   11.977(R)|gClock_BUFGP      |   0.000|
oLight<8>   |   12.154(R)|gClock_BUFGP      |   0.000|
oLight<9>   |   11.554(R)|gClock_BUFGP      |   0.000|
oSegment<0> |   11.334(R)|gClock_BUFGP      |   0.000|
oSegment<1> |   11.254(R)|gClock_BUFGP      |   0.000|
oSegment<2> |   11.791(R)|gClock_BUFGP      |   0.000|
oSegment<3> |   11.060(R)|gClock_BUFGP      |   0.000|
oSegment<4> |   11.563(R)|gClock_BUFGP      |   0.000|
oSegment<5> |   12.072(R)|gClock_BUFGP      |   0.000|
oSegment<6> |   11.643(R)|gClock_BUFGP      |   0.000|
oSegment<7> |   12.533(R)|gClock_BUFGP      |   0.000|
------------+------------+------------------+--------+

Clock to Setup on destination clock gClock
---------------+---------+---------+---------+---------+
               | Src:Rise| Src:Fall| Src:Rise| Src:Fall|
Source Clock   |Dest:Rise|Dest:Rise|Dest:Fall|Dest:Fall|
---------------+---------+---------+---------+---------+
gClock         |    9.282|         |         |         |
---------------+---------+---------+---------+---------+

Pad to Pad
---------------+---------------+---------+
Source Pad     |Destination Pad|  Delay  |
---------------+---------------+---------+
iShowMIDI      |oDigit<0>      |   11.388|
iShowMIDI      |oDigit<1>      |   10.463|
iShowMIDI      |oDigit<2>      |    9.762|
iShowMIDI      |oDigit<3>      |   10.926|
iShowMIDI      |oLED<0>        |    9.777|
iShowMIDI      |oLED<1>        |   10.929|
iShowMIDI      |oLED<2>        |   10.392|
iShowMIDI      |oLED<3>        |   10.668|
iShowMIDI      |oLED<4>        |   10.611|
iShowMIDI      |oLED<5>        |    9.906|
iShowMIDI      |oLED<6>        |    9.383|
iShowMIDI      |oLED<7>        |    9.316|
iShowMIDI      |oSegment<0>    |   10.241|
iShowMIDI      |oSegment<1>    |   10.155|
iShowMIDI      |oSegment<2>    |   10.576|
iShowMIDI      |oSegment<3>    |   10.055|
iShowMIDI      |oSegment<4>    |   10.364|
iShowMIDI      |oSegment<5>    |   10.676|
iShowMIDI      |oSegment<6>    |    9.941|
iShowMIDI      |oSegment<7>    |   10.544|
---------------+---------------+---------+

Analysis completed Sun Jan 13 16:04:46 2008
--------------------------------------------------------------------------------



Peak Memory Usage: 88 MB
