--------------------------------------------------------------------------------
Release 7.1.04i Trace H.42
Copyright (c) 1995-2005 Xilinx, Inc.  All rights reserved.

C:/Xilinx/bin/nt/trce.exe -ise
c:\documents and settings\pickdp\my documents\ece 130\TwoLights.ise -intstyle
ise -e 3 -l 3 -s 4 -xml TwoLights TwoLights.ncd -o TwoLights.twr TwoLights.pcf


Design file:              twolights.ncd
Physical constraint file: twolights.pcf
Device,speed:             xc3s200,-4 (PRODUCTION 1.37 2005-07-22)
Report level:             error report

Environment Variable      Effect 
--------------------      ------ 
NONE                      No environment variables were set
--------------------------------------------------------------------------------

INFO:Timing:2698 - No timing constraints found, doing default enumeration.
INFO:Timing:2752 - To get complete path coverage, use the unconstrained paths
   option. All paths that are not constrained will be reported in the
   unconstrained paths section(s) of the report.


Data Sheet report:
-----------------
All values displayed in nanoseconds (ns)

Pad to Pad
---------------+---------------+---------+
Source Pad     |Destination Pad|  Delay  |
---------------+---------------+---------+
iSelect        |oLeft          |    8.445|
iSelect        |oRight         |    6.977|
---------------+---------------+---------+

Analysis completed Wed Dec 05 21:24:14 2007
--------------------------------------------------------------------------------



Peak Memory Usage: 79 MB
